<?xml version="1.0" encoding="UTF-8"?>
<!-- Generated by org.testng.reporters.JUnitXMLReporter -->
<testsuite hostname="kz-PC" name="Default test" tests="3" failures="0" timestamp="20 Apr 2016 09:06:13 GMT" time="0.016" errors="0">
  <testcase name="telephonelogin" time="0.0" classname="user.UserTest">
    <skipped/>
  </testcase> <!-- telephonelogin -->
  <testcase name="usernamelogin" time="0.0" classname="user.UserTest">
    <skipped/>
  </testcase> <!-- usernamelogin -->
  <testcase name="youxianglogin" time="0.0" classname="user.UserTest">
    <skipped/>
  </testcase> <!-- youxianglogin -->
</testsuite> <!-- Default test -->
